Performing C SOURCE FILE Test CMAKE_HAVE_LIBC_PTHREAD failed with the following output:
Change Dir: F:/geo1016/A1_Calibration/A1_Calibration_Code/out/build/x64-Debug/CMakeFiles/CMakeScratch/TryCompile-fu5cbe

Run Build Command(s):C:/Program Files/Microsoft Visual Studio/2022/Community/Common7/IDE/CommonExtensions/Microsoft/CMake/Ninja/ninja.exe cmTC_80cfc && [1/2] Building C object CMakeFiles\cmTC_80cfc.dir\src.c.obj
FAILED: CMakeFiles/cmTC_80cfc.dir/src.c.obj 
C:\PROGRA~1\MICROS~3\2022\COMMUN~1\VC\Tools\MSVC\1435~1.322\bin\Hostx64\x64\cl.exe  /nologo -DCMAKE_HAVE_LIBC_PTHREAD  /DWIN32 /D_WINDOWS /W3  /MDd /Zi /Ob0 /Od /RTC1 /showIncludes /FoCMakeFiles\cmTC_80cfc.dir\src.c.obj /FdCMakeFiles\cmTC_80cfc.dir\ /FS -c F:\geo1016\A1_Calibration\A1_Calibration_Code\out\build\x64-Debug\CMakeFiles\CMakeScratch\TryCompile-fu5cbe\src.c
F:\geo1016\A1_Calibration\A1_Calibration_Code\out\build\x64-Debug\CMakeFiles\CMakeScratch\TryCompile-fu5cbe\src.c(1): fatal error C1083: 无法打开包括文件: “pthread.h”: No such file or directory
ninja: build stopped: subcommand failed.


Source file was:
#include <pthread.h>

static void* test_func(void* data)
{
  return data;
}

int main(void)
{
  pthread_t thread;
  pthread_create(&thread, NULL, test_func, NULL);
  pthread_detach(thread);
  pthread_cancel(thread);
  pthread_join(thread, NULL);
  pthread_atfork(NULL, NULL, NULL);
  pthread_exit(NULL);

  return 0;
}


Determining if the function pthread_create exists in the pthreads failed with the following output:
Change Dir: F:/geo1016/A1_Calibration/A1_Calibration_Code/out/build/x64-Debug/CMakeFiles/CMakeScratch/TryCompile-izde0t

Run Build Command(s):C:/Program Files/Microsoft Visual Studio/2022/Community/Common7/IDE/CommonExtensions/Microsoft/CMake/Ninja/ninja.exe cmTC_34147 && [1/2] Building C object CMakeFiles\cmTC_34147.dir\CheckFunctionExists.c.obj
[2/2] Linking C executable cmTC_34147.exe
FAILED: cmTC_34147.exe 
cmd.exe /C "cd . && "C:\Program Files\Microsoft Visual Studio\2022\Community\Common7\IDE\CommonExtensions\Microsoft\CMake\CMake\bin\cmake.exe" -E vs_link_exe --intdir=CMakeFiles\cmTC_34147.dir --rc=C:\PROGRA~2\WI3CF2~1\10\bin\100190~1.0\x64\rc.exe --mt=C:\PROGRA~2\WI3CF2~1\10\bin\100190~1.0\x64\mt.exe --manifests  -- C:\PROGRA~1\MICROS~3\2022\COMMUN~1\VC\Tools\MSVC\1435~1.322\bin\Hostx64\x64\link.exe /nologo CMakeFiles\cmTC_34147.dir\CheckFunctionExists.c.obj  /out:cmTC_34147.exe /implib:cmTC_34147.lib /pdb:cmTC_34147.pdb /version:0.0 /machine:x64  /debug /INCREMENTAL /subsystem:console  pthreads.lib  kernel32.lib user32.lib gdi32.lib winspool.lib shell32.lib ole32.lib oleaut32.lib uuid.lib comdlg32.lib advapi32.lib && cd ."
LINK Pass 1: command "C:\PROGRA~1\MICROS~3\2022\COMMUN~1\VC\Tools\MSVC\1435~1.322\bin\Hostx64\x64\link.exe /nologo CMakeFiles\cmTC_34147.dir\CheckFunctionExists.c.obj /out:cmTC_34147.exe /implib:cmTC_34147.lib /pdb:cmTC_34147.pdb /version:0.0 /machine:x64 /debug /INCREMENTAL /subsystem:console pthreads.lib kernel32.lib user32.lib gdi32.lib winspool.lib shell32.lib ole32.lib oleaut32.lib uuid.lib comdlg32.lib advapi32.lib /MANIFEST /MANIFESTFILE:CMakeFiles\cmTC_34147.dir/intermediate.manifest CMakeFiles\cmTC_34147.dir/manifest.res" failed (exit code 1104) with the following output:
LINK : fatal error LNK1104: 无法打开文件“pthreads.lib”
ninja: build stopped: subcommand failed.



Determining if the function pthread_create exists in the pthread failed with the following output:
Change Dir: F:/geo1016/A1_Calibration/A1_Calibration_Code/out/build/x64-Debug/CMakeFiles/CMakeScratch/TryCompile-adexoy

Run Build Command(s):C:/Program Files/Microsoft Visual Studio/2022/Community/Common7/IDE/CommonExtensions/Microsoft/CMake/Ninja/ninja.exe cmTC_7f2fa && [1/2] Building C object CMakeFiles\cmTC_7f2fa.dir\CheckFunctionExists.c.obj
[2/2] Linking C executable cmTC_7f2fa.exe
FAILED: cmTC_7f2fa.exe 
cmd.exe /C "cd . && "C:\Program Files\Microsoft Visual Studio\2022\Community\Common7\IDE\CommonExtensions\Microsoft\CMake\CMake\bin\cmake.exe" -E vs_link_exe --intdir=CMakeFiles\cmTC_7f2fa.dir --rc=C:\PROGRA~2\WI3CF2~1\10\bin\100190~1.0\x64\rc.exe --mt=C:\PROGRA~2\WI3CF2~1\10\bin\100190~1.0\x64\mt.exe --manifests  -- C:\PROGRA~1\MICROS~3\2022\COMMUN~1\VC\Tools\MSVC\1435~1.322\bin\Hostx64\x64\link.exe /nologo CMakeFiles\cmTC_7f2fa.dir\CheckFunctionExists.c.obj  /out:cmTC_7f2fa.exe /implib:cmTC_7f2fa.lib /pdb:cmTC_7f2fa.pdb /version:0.0 /machine:x64  /debug /INCREMENTAL /subsystem:console  pthread.lib  kernel32.lib user32.lib gdi32.lib winspool.lib shell32.lib ole32.lib oleaut32.lib uuid.lib comdlg32.lib advapi32.lib && cd ."
LINK Pass 1: command "C:\PROGRA~1\MICROS~3\2022\COMMUN~1\VC\Tools\MSVC\1435~1.322\bin\Hostx64\x64\link.exe /nologo CMakeFiles\cmTC_7f2fa.dir\CheckFunctionExists.c.obj /out:cmTC_7f2fa.exe /implib:cmTC_7f2fa.lib /pdb:cmTC_7f2fa.pdb /version:0.0 /machine:x64 /debug /INCREMENTAL /subsystem:console pthread.lib kernel32.lib user32.lib gdi32.lib winspool.lib shell32.lib ole32.lib oleaut32.lib uuid.lib comdlg32.lib advapi32.lib /MANIFEST /MANIFESTFILE:CMakeFiles\cmTC_7f2fa.dir/intermediate.manifest CMakeFiles\cmTC_7f2fa.dir/manifest.res" failed (exit code 1104) with the following output:
LINK : fatal error LNK1104: 无法打开文件“pthread.lib”
ninja: build stopped: subcommand failed.



